[debug] [2023-08-14T23:14:57.058Z] ----------------------------------------------------------------------
[debug] [2023-08-14T23:14:57.059Z] Command:       C:\Program Files\nodejs\node.exe C:\Users\CraigM\AppData\Roaming\npm\node_modules\firebase-tools\lib\bin\firebase.js deploy
[debug] [2023-08-14T23:14:57.059Z] CLI Version:   12.4.6
[debug] [2023-08-14T23:14:57.059Z] Platform:      win32
[debug] [2023-08-14T23:14:57.060Z] Node Version:  v18.16.0
[debug] [2023-08-14T23:14:57.060Z] Time:          Mon Aug 14 2023 16:14:57 GMT-0700 (Pacific Daylight Time)
[debug] [2023-08-14T23:14:57.060Z] ----------------------------------------------------------------------
[debug] 
[debug] [2023-08-14T23:14:57.130Z] > command requires scopes: ["email","openid","https://www.googleapis.com/auth/cloudplatformprojects.readonly","https://www.googleapis.com/auth/firebase","https://www.googleapis.com/auth/cloud-platform"]
[debug] [2023-08-14T23:14:57.131Z] > authorizing via signed-in user (craigm26@gmail.com)
[debug] [2023-08-14T23:14:57.131Z] [iam] checking project bikebus-71dd5 for permissions ["cloudconfig.configs.get","cloudconfig.configs.update","cloudfunctions.functions.create","cloudfunctions.functions.delete","cloudfunctions.functions.get","cloudfunctions.functions.list","cloudfunctions.functions.update","cloudfunctions.operations.get","datastore.indexes.create","datastore.indexes.delete","datastore.indexes.list","datastore.indexes.update","firebase.projects.get","firebasedatabase.instances.update","firebasehosting.sites.update","firebaserules.releases.create","firebaserules.releases.update","firebaserules.rulesets.create",null]
[debug] [2023-08-14T23:14:57.132Z] > refreshing access token with scopes: []
[debug] [2023-08-14T23:14:57.133Z] >>> [apiv2][query] POST https://www.googleapis.com/oauth2/v3/token [none]
[debug] [2023-08-14T23:14:57.133Z] >>> [apiv2][body] POST https://www.googleapis.com/oauth2/v3/token [omitted]
[debug] [2023-08-14T23:14:57.416Z] <<< [apiv2][status] POST https://www.googleapis.com/oauth2/v3/token 200
[debug] [2023-08-14T23:14:57.417Z] <<< [apiv2][body] POST https://www.googleapis.com/oauth2/v3/token [omitted]
[debug] [2023-08-14T23:14:57.424Z] >>> [apiv2][query] POST https://cloudresourcemanager.googleapis.com/v1/projects/bikebus-71dd5:testIamPermissions [none]
[debug] [2023-08-14T23:14:57.424Z] >>> [apiv2][(partial)header] POST https://cloudresourcemanager.googleapis.com/v1/projects/bikebus-71dd5:testIamPermissions x-goog-quota-user=projects/bikebus-71dd5
[debug] [2023-08-14T23:14:57.424Z] >>> [apiv2][body] POST https://cloudresourcemanager.googleapis.com/v1/projects/bikebus-71dd5:testIamPermissions {"permissions":["cloudconfig.configs.get","cloudconfig.configs.update","cloudfunctions.functions.create","cloudfunctions.functions.delete","cloudfunctions.functions.get","cloudfunctions.functions.list","cloudfunctions.functions.update","cloudfunctions.operations.get","datastore.indexes.create","datastore.indexes.delete","datastore.indexes.list","datastore.indexes.update","firebase.projects.get","firebasedatabase.instances.update","firebasehosting.sites.update","firebaserules.releases.create","firebaserules.releases.update","firebaserules.rulesets.create",null]}
[debug] [2023-08-14T23:14:57.668Z] <<< [apiv2][status] POST https://cloudresourcemanager.googleapis.com/v1/projects/bikebus-71dd5:testIamPermissions 200
[debug] [2023-08-14T23:14:57.668Z] <<< [apiv2][body] POST https://cloudresourcemanager.googleapis.com/v1/projects/bikebus-71dd5:testIamPermissions {"permissions":["cloudconfig.configs.get","cloudconfig.configs.update","cloudfunctions.functions.create","cloudfunctions.functions.delete","cloudfunctions.functions.get","cloudfunctions.functions.list","cloudfunctions.functions.update","cloudfunctions.operations.get","datastore.indexes.create","datastore.indexes.delete","datastore.indexes.list","datastore.indexes.update","firebase.projects.get","firebasedatabase.instances.update","firebasehosting.sites.update","firebaserules.releases.create","firebaserules.releases.update","firebaserules.rulesets.create"]}
[debug] [2023-08-14T23:14:57.669Z] [iam] error while checking permissions, command may fail: FirebaseError: Authorization failed. This account is missing the following required permissions on project bikebus-71dd5:

  
[debug] [2023-08-14T23:14:57.669Z] >>> [apiv2][query] POST https://iam.googleapis.com/v1/projects/bikebus-71dd5/serviceAccounts/bikebus-71dd5@appspot.gserviceaccount.com:testIamPermissions [none]
[debug] [2023-08-14T23:14:57.669Z] >>> [apiv2][body] POST https://iam.googleapis.com/v1/projects/bikebus-71dd5/serviceAccounts/bikebus-71dd5@appspot.gserviceaccount.com:testIamPermissions {"permissions":["iam.serviceAccounts.actAs"]}
[debug] [2023-08-14T23:14:57.916Z] <<< [apiv2][status] POST https://iam.googleapis.com/v1/projects/bikebus-71dd5/serviceAccounts/bikebus-71dd5@appspot.gserviceaccount.com:testIamPermissions 200
[debug] [2023-08-14T23:14:57.916Z] <<< [apiv2][body] POST https://iam.googleapis.com/v1/projects/bikebus-71dd5/serviceAccounts/bikebus-71dd5@appspot.gserviceaccount.com:testIamPermissions {"permissions":["iam.serviceAccounts.actAs"]}
[debug] [2023-08-14T23:14:57.918Z] >>> [apiv2][query] GET https://firebase.googleapis.com/v1beta1/projects/bikebus-71dd5 [none]
[debug] [2023-08-14T23:14:58.456Z] <<< [apiv2][status] GET https://firebase.googleapis.com/v1beta1/projects/bikebus-71dd5 200
[debug] [2023-08-14T23:14:58.456Z] <<< [apiv2][body] GET https://firebase.googleapis.com/v1beta1/projects/bikebus-71dd5 {"projectId":"bikebus-71dd5","projectNumber":"787807444789","displayName":"BikeBus","name":"projects/bikebus-71dd5","resources":{"hostingSite":"bikebus-71dd5","realtimeDatabaseInstance":"bikebus-71dd5-default-rtdb","storageBucket":"bikebus-71dd5.appspot.com","locationId":"us-central"},"state":"ACTIVE","etag":"1_fb9a252a-2612-4a19-a2d8-3b4828502930"}
[debug] [2023-08-14T23:14:58.456Z] >>> [apiv2][query] GET https://firebase.googleapis.com/v1beta1/projects/bikebus-71dd5 [none]
[debug] [2023-08-14T23:14:58.725Z] <<< [apiv2][status] GET https://firebase.googleapis.com/v1beta1/projects/bikebus-71dd5 200
[debug] [2023-08-14T23:14:58.725Z] <<< [apiv2][body] GET https://firebase.googleapis.com/v1beta1/projects/bikebus-71dd5 {"projectId":"bikebus-71dd5","projectNumber":"787807444789","displayName":"BikeBus","name":"projects/bikebus-71dd5","resources":{"hostingSite":"bikebus-71dd5","realtimeDatabaseInstance":"bikebus-71dd5-default-rtdb","storageBucket":"bikebus-71dd5.appspot.com","locationId":"us-central"},"state":"ACTIVE","etag":"1_fb9a252a-2612-4a19-a2d8-3b4828502930"}
[info] 
[info] === Deploying to 'bikebus-71dd5'...
[info] 
[info] i  deploying database, storage, firestore, functions, hosting, remoteconfig, extensions 
[info] Running command: npm --prefix "$RESOURCE_DIR" run lint
